This is XeTeX, Version 3.14159265-2.6-0.99998 (TeX Live 2017/Debian) (preloaded format=xelatex 2018.10.27)  15 JUN 2019 11:21
entering extended mode
 restricted \write18 enabled.
 %&-line parsing enabled.
**cv-VahidEtemadi.tex
(./cv-VahidEtemadi.tex
LaTeX2e <2017-04-15>
Babel <3.18> and hyphenation patterns for 84 language(s) loaded.
! TeX capacity exceeded, sorry [parameter stack size=10000].
\@fileswithoptions #1->
                       \@ifnextchar [{\@fileswith@ptions #1}{\@fileswith@pti...
l.9 \usepackage{
                fontawesome}
If you really absolutely need more capacity,
you can ask a wizard to enlarge me.

 
Here is how much of TeX's memory you used:
 4 strings out of 493007
 74 string characters out of 6136718
 159383 words of memory out of 5000000
 4075 multiletter control sequences out of 15000+600000
 3640 words of font info for 14 fonts, out of 8000000 for 9000
 1348 hyphenation exceptions out of 8191
 4289i,0n,10001p,54b,8s stack positions out of 5000i,500n,10000p,200000b,80000s
No pages of output.
